2024 -09-12 20:38 - ERROR - error message!!!
2024 -09-12 20:45 - ERROR - error message!!!
2024 -09-12 20:59 - ERROR - error message!!!
2024 -09-12 21:00 - ERROR - error message!!!
2024 -09-12 21:27 - ERROR - error message!!!
2024 -09-12 21:31 - ERROR - error message!!!
2024 -09-12 21:31 - ERROR - error message!!!
2024 -09-12 21:38 - ERROR - error message
2024 -09-12 21:39 - ERROR - error message
2024 -09-12 21:41 - ERROR - error message
2024 -09-12 21:52 - DEBUG - debug message
2024 -09-12 21:53 - DEBUG - debug message
2024 -09-12 21:53 - ERROR - got error
2024 -09-12 21:53 - INFO - Saved
2024 -09-12 21:53 - DEBUG - debug message
2024 -09-12 21:53 - ERROR - got error
2024 -09-12 21:53 - ERROR - response
2024 -09-12 21:54 - INFO - Saved
2024 -09-12 21:54 - DEBUG - debug message
2024 -09-12 21:54 - ERROR - got error
2024 -09-12 21:56 - INFO - Saved file
2024 -09-12 21:57 - ERROR - got error
2024 -09-12 21:57 - INFO - Saved file
2024 -09-12 22:04 - INFO - Saved file
2024 -09-12 22:06 - INFO - Saved file
2024 -09-12 22:07 - ERROR - response
2024 -09-12 22:09 - INFO - Saved file
2024 -09-12 22:10 - INFO - Saved file
2024 -09-12 22:10 - INFO - Saved file
2024 -09-12 22:11 - INFO - Saved file
2024 -09-12 22:19 - INFO - Saved file
2024 -09-12 22:20 - INFO - Got a short url!!
2024 -09-12 22:20 - INFO - Got back full url!!
2024 -09-12 22:20 - INFO - Saved file
2024 -09-12 22:22 - INFO - Got a short url!!
2024 -09-12 22:23 - INFO - Got back full url!!
2024 -09-12 22:23 - INFO - Saved file
2024 -09-12 22:34 - INFO - Got a short url!!!
2024 -09-12 22:34 - INFO - Saved file
2024 -09-12 22:36 - INFO - Got a short url!!!
2024 -09-12 22:36 - INFO - Got back full url!!!
2024 -09-12 22:37 - INFO - Got a short url!!!
2024 -09-12 22:38 - INFO - Got a short url!!!
2024 -09-12 22:38 - INFO - Got a short url!!!
2024 -09-12 22:39 - INFO - Got a short url!!!
2024 -09-12 22:39 - INFO - Got a short url!!!
2024 -09-12 22:39 - INFO - Saved file
